2025-12-30 18:43:23,232 - INFO - Using device: cuda
2025-12-30 18:43:23,232 - INFO - ============================================================
2025-12-30 18:43:23,232 - INFO - MNIST AUTOENCODER PROJECT
2025-12-30 18:43:23,232 - INFO - ============================================================
2025-12-30 18:43:23,280 - INFO - Train size: 36000, Validation size: 24000, Test size: 10000
2025-12-30 18:43:23,444 - INFO - 
============================================================
2025-12-30 18:43:23,445 - INFO - Training AE_Small_bs64_lr0.001
2025-12-30 18:43:23,445 - INFO - ============================================================
2025-12-30 18:44:12,609 - INFO - Epoch [10/50], Train Loss: 0.014035, Train Acc: 87.13%, Val Loss: 0.014263, Val Acc: 87.05%
2025-12-30 18:45:00,596 - INFO - Epoch [20/50], Train Loss: 0.011971, Train Acc: 88.27%, Val Loss: 0.012596, Val Acc: 88.31%
2025-12-30 18:45:47,815 - INFO - Epoch [30/50], Train Loss: 0.011051, Train Acc: 88.79%, Val Loss: 0.011851, Val Acc: 88.70%
2025-12-30 18:46:35,316 - INFO - Epoch [40/50], Train Loss: 0.010463, Train Acc: 89.12%, Val Loss: 0.011572, Val Acc: 89.02%
2025-12-30 18:47:22,768 - INFO - Epoch [50/50], Train Loss: 0.010096, Train Acc: 89.33%, Val Loss: 0.011347, Val Acc: 89.00%
2025-12-30 18:47:22,768 - INFO - Training completed in 239.32 seconds
2025-12-30 18:47:22,768 - INFO - Final Train Accuracy: 89.33%
2025-12-30 18:47:22,768 - INFO - Final Val Accuracy: 89.00%
2025-12-30 18:47:22,768 - INFO - Saved epoch history to: results/training_history_AE_Small_bs64_lr0.001.csv
2025-12-30 18:47:23,461 - INFO - Saved training history plot: plots/training_history_AE_Small_bs64_lr0.001.png
2025-12-30 18:47:24,168 - INFO - 
AE_Small_bs64_lr0.001 Test Results:
2025-12-30 18:47:24,168 - INFO - Test Loss: 0.011143
2025-12-30 18:47:24,168 - INFO - Test MSE: 0.011153
2025-12-30 18:47:24,168 - INFO - Test Pixel Accuracy: 89.16%
2025-12-30 18:47:24,168 - INFO - Test Image Accuracy: 0.00%
2025-12-30 18:47:24,764 - INFO - Saved reconstruction plot: plots/best_reconstructions_AE_Small_bs64_lr0.001.png
2025-12-30 18:47:25,266 - INFO - Saved reconstruction plot: plots/worst_reconstructions_AE_Small_bs64_lr0.001.png
2025-12-30 18:47:25,273 - INFO - 
============================================================
2025-12-30 18:47:25,273 - INFO - Training AE_Small_bs64_lr0.0001
2025-12-30 18:47:25,273 - INFO - ============================================================
2025-12-30 18:48:12,837 - INFO - Epoch [10/50], Train Loss: 0.024701, Train Acc: 81.45%, Val Loss: 0.024222, Val Acc: 81.65%
2025-12-30 18:49:00,478 - INFO - Epoch [20/50], Train Loss: 0.017571, Train Acc: 85.10%, Val Loss: 0.017528, Val Acc: 85.19%
2025-12-30 18:49:48,305 - INFO - Epoch [30/50], Train Loss: 0.014405, Train Acc: 86.91%, Val Loss: 0.014491, Val Acc: 87.01%
2025-12-30 18:50:35,980 - INFO - Epoch [40/50], Train Loss: 0.012372, Train Acc: 88.02%, Val Loss: 0.012553, Val Acc: 88.07%
2025-12-30 18:51:23,894 - INFO - Epoch [50/50], Train Loss: 0.010992, Train Acc: 88.82%, Val Loss: 0.011271, Val Acc: 88.79%
2025-12-30 18:51:23,894 - INFO - Training completed in 238.62 seconds
2025-12-30 18:51:23,894 - INFO - Final Train Accuracy: 88.82%
2025-12-30 18:51:23,894 - INFO - Final Val Accuracy: 88.79%
2025-12-30 18:51:23,894 - INFO - Saved epoch history to: results/training_history_AE_Small_bs64_lr0.0001.csv
2025-12-30 18:51:24,381 - INFO - Saved training history plot: plots/training_history_AE_Small_bs64_lr0.0001.png
2025-12-30 18:51:25,063 - INFO - 
AE_Small_bs64_lr0.0001 Test Results:
2025-12-30 18:51:25,064 - INFO - Test Loss: 0.010877
2025-12-30 18:51:25,064 - INFO - Test MSE: 0.010892
2025-12-30 18:51:25,064 - INFO - Test Pixel Accuracy: 89.04%
2025-12-30 18:51:25,064 - INFO - Test Image Accuracy: 0.00%
2025-12-30 18:51:25,593 - INFO - Saved reconstruction plot: plots/best_reconstructions_AE_Small_bs64_lr0.0001.png
2025-12-30 18:51:26,215 - INFO - Saved reconstruction plot: plots/worst_reconstructions_AE_Small_bs64_lr0.0001.png
2025-12-30 18:51:26,223 - INFO - 
============================================================
2025-12-30 18:51:26,223 - INFO - Training AE_Small_bs128_lr0.001
2025-12-30 18:51:26,223 - INFO - ============================================================
2025-12-30 18:52:07,953 - INFO - Epoch [10/50], Train Loss: 0.014126, Train Acc: 87.04%, Val Loss: 0.014265, Val Acc: 87.10%
2025-12-30 18:52:49,832 - INFO - Epoch [20/50], Train Loss: 0.010987, Train Acc: 88.78%, Val Loss: 0.011443, Val Acc: 88.75%
2025-12-30 18:53:31,601 - INFO - Epoch [30/50], Train Loss: 0.009831, Train Acc: 89.44%, Val Loss: 0.010475, Val Acc: 89.24%
2025-12-30 18:54:13,250 - INFO - Epoch [40/50], Train Loss: 0.009246, Train Acc: 89.78%, Val Loss: 0.010051, Val Acc: 89.55%
2025-12-30 18:54:55,072 - INFO - Epoch [50/50], Train Loss: 0.008833, Train Acc: 90.01%, Val Loss: 0.009702, Val Acc: 89.79%
2025-12-30 18:54:55,072 - INFO - Training completed in 208.85 seconds
2025-12-30 18:54:55,072 - INFO - Final Train Accuracy: 90.01%
2025-12-30 18:54:55,072 - INFO - Final Val Accuracy: 89.79%
2025-12-30 18:54:55,072 - INFO - Saved epoch history to: results/training_history_AE_Small_bs128_lr0.001.csv
2025-12-30 18:54:55,542 - INFO - Saved training history plot: plots/training_history_AE_Small_bs128_lr0.001.png
2025-12-30 18:54:56,191 - INFO - 
AE_Small_bs128_lr0.001 Test Results:
2025-12-30 18:54:56,191 - INFO - Test Loss: 0.009473
2025-12-30 18:54:56,191 - INFO - Test MSE: 0.009494
2025-12-30 18:54:56,191 - INFO - Test Pixel Accuracy: 90.00%
2025-12-30 18:54:56,191 - INFO - Test Image Accuracy: 0.00%
2025-12-30 18:54:56,698 - INFO - Saved reconstruction plot: plots/best_reconstructions_AE_Small_bs128_lr0.001.png
2025-12-30 18:54:57,189 - INFO - Saved reconstruction plot: plots/worst_reconstructions_AE_Small_bs128_lr0.001.png
2025-12-30 18:54:57,196 - INFO - 
============================================================
2025-12-30 18:54:57,196 - INFO - Training AE_Small_bs128_lr0.0001
2025-12-30 18:54:57,196 - INFO - ============================================================
2025-12-30 18:55:39,055 - INFO - Epoch [10/50], Train Loss: 0.031106, Train Acc: 78.00%, Val Loss: 0.030303, Val Acc: 78.53%
2025-12-30 18:56:21,006 - INFO - Epoch [20/50], Train Loss: 0.022750, Train Acc: 82.52%, Val Loss: 0.022612, Val Acc: 82.63%
2025-12-30 18:57:02,912 - INFO - Epoch [30/50], Train Loss: 0.018602, Train Acc: 84.62%, Val Loss: 0.018654, Val Acc: 84.67%
2025-12-30 18:57:44,961 - INFO - Epoch [40/50], Train Loss: 0.015517, Train Acc: 86.24%, Val Loss: 0.015578, Val Acc: 86.32%
2025-12-30 18:58:27,081 - INFO - Epoch [50/50], Train Loss: 0.013808, Train Acc: 87.26%, Val Loss: 0.013965, Val Acc: 87.31%
2025-12-30 18:58:27,081 - INFO - Training completed in 209.89 seconds
2025-12-30 18:58:27,081 - INFO - Final Train Accuracy: 87.26%
2025-12-30 18:58:27,081 - INFO - Final Val Accuracy: 87.31%
2025-12-30 18:58:27,081 - INFO - Saved epoch history to: results/training_history_AE_Small_bs128_lr0.0001.csv
2025-12-30 18:58:27,666 - INFO - Saved training history plot: plots/training_history_AE_Small_bs128_lr0.0001.png
2025-12-30 18:58:28,314 - INFO - 
AE_Small_bs128_lr0.0001 Test Results:
2025-12-30 18:58:28,314 - INFO - Test Loss: 0.013522
2025-12-30 18:58:28,314 - INFO - Test MSE: 0.013548
2025-12-30 18:58:28,314 - INFO - Test Pixel Accuracy: 87.58%
2025-12-30 18:58:28,314 - INFO - Test Image Accuracy: 0.00%
2025-12-30 18:58:28,808 - INFO - Saved reconstruction plot: plots/best_reconstructions_AE_Small_bs128_lr0.0001.png
2025-12-30 18:58:29,312 - INFO - Saved reconstruction plot: plots/worst_reconstructions_AE_Small_bs128_lr0.0001.png
2025-12-30 18:58:29,322 - INFO - 
============================================================
2025-12-30 18:58:29,322 - INFO - Training AE_Medium_bs64_lr0.001
2025-12-30 18:58:29,322 - INFO - ============================================================
2025-12-30 18:59:23,314 - INFO - Epoch [10/50], Train Loss: 0.007510, Train Acc: 90.82%, Val Loss: 0.008208, Val Acc: 90.50%
2025-12-30 19:00:15,476 - INFO - Epoch [20/50], Train Loss: 0.005469, Train Acc: 92.13%, Val Loss: 0.006137, Val Acc: 91.91%
2025-12-30 19:01:07,285 - INFO - Epoch [30/50], Train Loss: 0.004586, Train Acc: 92.75%, Val Loss: 0.005405, Val Acc: 92.47%
2025-12-30 19:02:00,053 - INFO - Epoch [40/50], Train Loss: 0.004110, Train Acc: 93.11%, Val Loss: 0.005107, Val Acc: 92.66%
2025-12-30 19:02:53,952 - INFO - Epoch [50/50], Train Loss: 0.003779, Train Acc: 93.39%, Val Loss: 0.004709, Val Acc: 92.98%
2025-12-30 19:02:53,952 - INFO - Training completed in 264.63 seconds
2025-12-30 19:02:53,952 - INFO - Final Train Accuracy: 93.39%
2025-12-30 19:02:53,952 - INFO - Final Val Accuracy: 92.98%
2025-12-30 19:02:53,952 - INFO - Saved epoch history to: results/training_history_AE_Medium_bs64_lr0.001.csv
2025-12-30 19:02:54,437 - INFO - Saved training history plot: plots/training_history_AE_Medium_bs64_lr0.001.png
2025-12-30 19:02:55,121 - INFO - 
AE_Medium_bs64_lr0.001 Test Results:
2025-12-30 19:02:55,121 - INFO - Test Loss: 0.004603
2025-12-30 19:02:55,121 - INFO - Test MSE: 0.004605
2025-12-30 19:02:55,121 - INFO - Test Pixel Accuracy: 93.10%
2025-12-30 19:02:55,121 - INFO - Test Image Accuracy: 0.00%
2025-12-30 19:02:55,744 - INFO - Saved reconstruction plot: plots/best_reconstructions_AE_Medium_bs64_lr0.001.png
2025-12-30 19:02:56,224 - INFO - Saved reconstruction plot: plots/worst_reconstructions_AE_Medium_bs64_lr0.001.png
2025-12-30 19:02:56,235 - INFO - 
============================================================
2025-12-30 19:02:56,235 - INFO - Training AE_Medium_bs64_lr0.0001
2025-12-30 19:02:56,235 - INFO - ============================================================
2025-12-30 19:03:50,152 - INFO - Epoch [10/50], Train Loss: 0.017819, Train Acc: 84.80%, Val Loss: 0.017406, Val Acc: 85.08%
2025-12-30 19:04:44,315 - INFO - Epoch [20/50], Train Loss: 0.011481, Train Acc: 88.41%, Val Loss: 0.011545, Val Acc: 88.51%
2025-12-30 19:05:38,344 - INFO - Epoch [30/50], Train Loss: 0.008937, Train Acc: 89.97%, Val Loss: 0.009171, Val Acc: 90.00%
2025-12-30 19:06:32,407 - INFO - Epoch [40/50], Train Loss: 0.007535, Train Acc: 90.83%, Val Loss: 0.007858, Val Acc: 90.74%
2025-12-30 19:07:26,324 - INFO - Epoch [50/50], Train Loss: 0.006585, Train Acc: 91.45%, Val Loss: 0.006961, Val Acc: 91.38%
2025-12-30 19:07:26,324 - INFO - Training completed in 270.09 seconds
2025-12-30 19:07:26,324 - INFO - Final Train Accuracy: 91.45%
2025-12-30 19:07:26,324 - INFO - Final Val Accuracy: 91.38%
2025-12-30 19:07:26,325 - INFO - Saved epoch history to: results/training_history_AE_Medium_bs64_lr0.0001.csv
2025-12-30 19:07:26,799 - INFO - Saved training history plot: plots/training_history_AE_Medium_bs64_lr0.0001.png
2025-12-30 19:07:27,474 - INFO - 
AE_Medium_bs64_lr0.0001 Test Results:
2025-12-30 19:07:27,474 - INFO - Test Loss: 0.006752
2025-12-30 19:07:27,474 - INFO - Test MSE: 0.006760
2025-12-30 19:07:27,474 - INFO - Test Pixel Accuracy: 91.58%
2025-12-30 19:07:27,474 - INFO - Test Image Accuracy: 0.00%
2025-12-30 19:07:27,964 - INFO - Saved reconstruction plot: plots/best_reconstructions_AE_Medium_bs64_lr0.0001.png
2025-12-30 19:07:28,591 - INFO - Saved reconstruction plot: plots/worst_reconstructions_AE_Medium_bs64_lr0.0001.png
2025-12-30 19:07:28,603 - INFO - 
============================================================
2025-12-30 19:07:28,603 - INFO - Training AE_Medium_bs128_lr0.001
2025-12-30 19:07:28,603 - INFO - ============================================================
2025-12-30 19:08:14,946 - INFO - Epoch [10/50], Train Loss: 0.009577, Train Acc: 89.57%, Val Loss: 0.009875, Val Acc: 89.57%
2025-12-30 19:09:01,385 - INFO - Epoch [20/50], Train Loss: 0.006729, Train Acc: 91.30%, Val Loss: 0.007329, Val Acc: 91.14%
2025-12-30 19:09:47,763 - INFO - Epoch [30/50], Train Loss: 0.005487, Train Acc: 92.11%, Val Loss: 0.006100, Val Acc: 91.93%
2025-12-30 19:10:34,228 - INFO - Epoch [40/50], Train Loss: 0.004845, Train Acc: 92.56%, Val Loss: 0.005802, Val Acc: 92.19%
2025-12-30 19:11:20,731 - INFO - Epoch [50/50], Train Loss: 0.004436, Train Acc: 92.86%, Val Loss: 0.005418, Val Acc: 92.46%
2025-12-30 19:11:20,731 - INFO - Training completed in 232.13 seconds
2025-12-30 19:11:20,731 - INFO - Final Train Accuracy: 92.86%
2025-12-30 19:11:20,731 - INFO - Final Val Accuracy: 92.46%
2025-12-30 19:11:20,732 - INFO - Saved epoch history to: results/training_history_AE_Medium_bs128_lr0.001.csv
2025-12-30 19:11:21,214 - INFO - Saved training history plot: plots/training_history_AE_Medium_bs128_lr0.001.png
2025-12-30 19:11:21,907 - INFO - 
AE_Medium_bs128_lr0.001 Test Results:
2025-12-30 19:11:21,908 - INFO - Test Loss: 0.005281
2025-12-30 19:11:21,908 - INFO - Test MSE: 0.005290
2025-12-30 19:11:21,908 - INFO - Test Pixel Accuracy: 92.58%
2025-12-30 19:11:21,908 - INFO - Test Image Accuracy: 0.00%
2025-12-30 19:11:22,391 - INFO - Saved reconstruction plot: plots/best_reconstructions_AE_Medium_bs128_lr0.001.png
2025-12-30 19:11:22,873 - INFO - Saved reconstruction plot: plots/worst_reconstructions_AE_Medium_bs128_lr0.001.png
2025-12-30 19:11:22,884 - INFO - 
============================================================
2025-12-30 19:11:22,885 - INFO - Training AE_Medium_bs128_lr0.0001
2025-12-30 19:11:22,885 - INFO - ============================================================
2025-12-30 19:12:09,206 - INFO - Epoch [10/50], Train Loss: 0.022277, Train Acc: 82.38%, Val Loss: 0.021751, Val Acc: 82.72%
2025-12-30 19:12:55,543 - INFO - Epoch [20/50], Train Loss: 0.015283, Train Acc: 86.24%, Val Loss: 0.015274, Val Acc: 86.38%
2025-12-30 19:13:41,883 - INFO - Epoch [30/50], Train Loss: 0.011993, Train Acc: 88.12%, Val Loss: 0.012191, Val Acc: 88.12%
2025-12-30 19:14:28,340 - INFO - Epoch [40/50], Train Loss: 0.010041, Train Acc: 89.30%, Val Loss: 0.010280, Val Acc: 89.29%
2025-12-30 19:15:14,709 - INFO - Epoch [50/50], Train Loss: 0.008757, Train Acc: 90.10%, Val Loss: 0.009063, Val Acc: 90.03%
2025-12-30 19:15:14,709 - INFO - Training completed in 231.82 seconds
2025-12-30 19:15:14,709 - INFO - Final Train Accuracy: 90.10%
2025-12-30 19:15:14,709 - INFO - Final Val Accuracy: 90.03%
2025-12-30 19:15:14,710 - INFO - Saved epoch history to: results/training_history_AE_Medium_bs128_lr0.0001.csv
2025-12-30 19:15:15,179 - INFO - Saved training history plot: plots/training_history_AE_Medium_bs128_lr0.0001.png
2025-12-30 19:15:15,856 - INFO - 
AE_Medium_bs128_lr0.0001 Test Results:
2025-12-30 19:15:15,856 - INFO - Test Loss: 0.008709
2025-12-30 19:15:15,856 - INFO - Test MSE: 0.008730
2025-12-30 19:15:15,856 - INFO - Test Pixel Accuracy: 90.28%
2025-12-30 19:15:15,856 - INFO - Test Image Accuracy: 0.00%
2025-12-30 19:15:16,506 - INFO - Saved reconstruction plot: plots/best_reconstructions_AE_Medium_bs128_lr0.0001.png
2025-12-30 19:15:16,989 - INFO - Saved reconstruction plot: plots/worst_reconstructions_AE_Medium_bs128_lr0.0001.png
2025-12-30 19:15:17,003 - INFO - 
============================================================
2025-12-30 19:15:17,003 - INFO - Training AE_Large_bs64_lr0.001
2025-12-30 19:15:17,003 - INFO - ============================================================
2025-12-30 19:16:12,952 - INFO - Epoch [10/50], Train Loss: 0.014253, Train Acc: 87.05%, Val Loss: 0.014601, Val Acc: 87.07%
2025-12-30 19:17:08,799 - INFO - Epoch [20/50], Train Loss: 0.009998, Train Acc: 89.36%, Val Loss: 0.010832, Val Acc: 89.19%
2025-12-30 19:18:04,605 - INFO - Epoch [30/50], Train Loss: 0.008087, Train Acc: 90.46%, Val Loss: 0.009434, Val Acc: 90.11%
2025-12-30 19:19:00,271 - INFO - Epoch [40/50], Train Loss: 0.007109, Train Acc: 91.03%, Val Loss: 0.008686, Val Acc: 90.61%
2025-12-30 19:19:56,079 - INFO - Epoch [50/50], Train Loss: 0.006484, Train Acc: 91.42%, Val Loss: 0.008305, Val Acc: 90.69%
2025-12-30 19:19:56,079 - INFO - Training completed in 279.08 seconds
2025-12-30 19:19:56,079 - INFO - Final Train Accuracy: 91.42%
2025-12-30 19:19:56,079 - INFO - Final Val Accuracy: 90.69%
2025-12-30 19:19:56,080 - INFO - Saved epoch history to: results/training_history_AE_Large_bs64_lr0.001.csv
2025-12-30 19:19:56,543 - INFO - Saved training history plot: plots/training_history_AE_Large_bs64_lr0.001.png
2025-12-30 19:19:57,241 - INFO - 
AE_Large_bs64_lr0.001 Test Results:
2025-12-30 19:19:57,241 - INFO - Test Loss: 0.008192
2025-12-30 19:19:57,241 - INFO - Test MSE: 0.008198
2025-12-30 19:19:57,241 - INFO - Test Pixel Accuracy: 90.80%
2025-12-30 19:19:57,241 - INFO - Test Image Accuracy: 0.00%
2025-12-30 19:19:57,737 - INFO - Saved reconstruction plot: plots/best_reconstructions_AE_Large_bs64_lr0.001.png
2025-12-30 19:19:58,360 - INFO - Saved reconstruction plot: plots/worst_reconstructions_AE_Large_bs64_lr0.001.png
2025-12-30 19:19:58,373 - INFO - 
============================================================
2025-12-30 19:19:58,374 - INFO - Training AE_Large_bs64_lr0.0001
2025-12-30 19:19:58,374 - INFO - ============================================================
2025-12-30 19:20:54,246 - INFO - Epoch [10/50], Train Loss: 0.026052, Train Acc: 81.01%, Val Loss: 0.025881, Val Acc: 81.19%
2025-12-30 19:21:50,015 - INFO - Epoch [20/50], Train Loss: 0.018789, Train Acc: 84.64%, Val Loss: 0.018975, Val Acc: 84.69%
2025-12-30 19:22:45,915 - INFO - Epoch [30/50], Train Loss: 0.015814, Train Acc: 86.22%, Val Loss: 0.016282, Val Acc: 86.24%
2025-12-30 19:23:41,916 - INFO - Epoch [40/50], Train Loss: 0.013682, Train Acc: 87.37%, Val Loss: 0.014431, Val Acc: 87.25%
2025-12-30 19:24:37,676 - INFO - Epoch [50/50], Train Loss: 0.011979, Train Acc: 88.28%, Val Loss: 0.012736, Val Acc: 88.15%
2025-12-30 19:24:37,676 - INFO - Training completed in 279.30 seconds
2025-12-30 19:24:37,676 - INFO - Final Train Accuracy: 88.28%
2025-12-30 19:24:37,676 - INFO - Final Val Accuracy: 88.15%
2025-12-30 19:24:37,677 - INFO - Saved epoch history to: results/training_history_AE_Large_bs64_lr0.0001.csv
2025-12-30 19:24:38,138 - INFO - Saved training history plot: plots/training_history_AE_Large_bs64_lr0.0001.png
2025-12-30 19:24:38,820 - INFO - 
AE_Large_bs64_lr0.0001 Test Results:
2025-12-30 19:24:38,820 - INFO - Test Loss: 0.012445
2025-12-30 19:24:38,820 - INFO - Test MSE: 0.012456
2025-12-30 19:24:38,820 - INFO - Test Pixel Accuracy: 88.35%
2025-12-30 19:24:38,820 - INFO - Test Image Accuracy: 0.00%
2025-12-30 19:24:39,309 - INFO - Saved reconstruction plot: plots/best_reconstructions_AE_Large_bs64_lr0.0001.png
2025-12-30 19:24:39,803 - INFO - Saved reconstruction plot: plots/worst_reconstructions_AE_Large_bs64_lr0.0001.png
2025-12-30 19:24:39,815 - INFO - 
============================================================
2025-12-30 19:24:39,815 - INFO - Training AE_Large_bs128_lr0.001
2025-12-30 19:24:39,815 - INFO - ============================================================
2025-12-30 19:25:26,994 - INFO - Epoch [10/50], Train Loss: 0.016416, Train Acc: 85.89%, Val Loss: 0.016541, Val Acc: 86.14%
2025-12-30 19:26:14,241 - INFO - Epoch [20/50], Train Loss: 0.010873, Train Acc: 88.85%, Val Loss: 0.011764, Val Acc: 88.77%
2025-12-30 19:27:01,463 - INFO - Epoch [30/50], Train Loss: 0.008823, Train Acc: 90.01%, Val Loss: 0.010020, Val Acc: 89.70%
2025-12-30 19:27:48,667 - INFO - Epoch [40/50], Train Loss: 0.007460, Train Acc: 90.82%, Val Loss: 0.008859, Val Acc: 90.51%
2025-12-30 19:28:35,855 - INFO - Epoch [50/50], Train Loss: 0.006711, Train Acc: 91.27%, Val Loss: 0.008265, Val Acc: 90.76%
2025-12-30 19:28:35,855 - INFO - Training completed in 236.04 seconds
2025-12-30 19:28:35,855 - INFO - Final Train Accuracy: 91.27%
2025-12-30 19:28:35,855 - INFO - Final Val Accuracy: 90.76%
2025-12-30 19:28:35,856 - INFO - Saved epoch history to: results/training_history_AE_Large_bs128_lr0.001.csv
2025-12-30 19:28:36,333 - INFO - Saved training history plot: plots/training_history_AE_Large_bs128_lr0.001.png
2025-12-30 19:28:37,013 - INFO - 
AE_Large_bs128_lr0.001 Test Results:
2025-12-30 19:28:37,013 - INFO - Test Loss: 0.008137
2025-12-30 19:28:37,013 - INFO - Test MSE: 0.008152
2025-12-30 19:28:37,013 - INFO - Test Pixel Accuracy: 90.91%
2025-12-30 19:28:37,013 - INFO - Test Image Accuracy: 0.00%
2025-12-30 19:28:37,663 - INFO - Saved reconstruction plot: plots/best_reconstructions_AE_Large_bs128_lr0.001.png
2025-12-30 19:28:38,153 - INFO - Saved reconstruction plot: plots/worst_reconstructions_AE_Large_bs128_lr0.001.png
2025-12-30 19:28:38,167 - INFO - 
============================================================
2025-12-30 19:28:38,167 - INFO - Training AE_Large_bs128_lr0.0001
2025-12-30 19:28:38,167 - INFO - ============================================================
2025-12-30 19:29:25,065 - INFO - Epoch [10/50], Train Loss: 0.031353, Train Acc: 78.33%, Val Loss: 0.030758, Val Acc: 78.46%
2025-12-30 19:30:11,980 - INFO - Epoch [20/50], Train Loss: 0.024107, Train Acc: 81.92%, Val Loss: 0.024134, Val Acc: 82.06%
2025-12-30 19:30:58,948 - INFO - Epoch [30/50], Train Loss: 0.021022, Train Acc: 83.41%, Val Loss: 0.021307, Val Acc: 83.42%
2025-12-30 19:31:45,907 - INFO - Epoch [40/50], Train Loss: 0.018159, Train Acc: 84.96%, Val Loss: 0.018616, Val Acc: 84.94%
2025-12-30 19:32:32,846 - INFO - Epoch [50/50], Train Loss: 0.016270, Train Acc: 85.97%, Val Loss: 0.016802, Val Acc: 85.93%
2025-12-30 19:32:32,846 - INFO - Training completed in 234.68 seconds
2025-12-30 19:32:32,846 - INFO - Final Train Accuracy: 85.97%
2025-12-30 19:32:32,846 - INFO - Final Val Accuracy: 85.93%
2025-12-30 19:32:32,847 - INFO - Saved epoch history to: results/training_history_AE_Large_bs128_lr0.0001.csv
2025-12-30 19:32:33,316 - INFO - Saved training history plot: plots/training_history_AE_Large_bs128_lr0.0001.png
2025-12-30 19:32:34,012 - INFO - 
AE_Large_bs128_lr0.0001 Test Results:
2025-12-30 19:32:34,012 - INFO - Test Loss: 0.016341
2025-12-30 19:32:34,012 - INFO - Test MSE: 0.016367
2025-12-30 19:32:34,012 - INFO - Test Pixel Accuracy: 86.17%
2025-12-30 19:32:34,012 - INFO - Test Image Accuracy: 0.00%
2025-12-30 19:32:34,503 - INFO - Saved reconstruction plot: plots/best_reconstructions_AE_Large_bs128_lr0.0001.png
2025-12-30 19:32:35,131 - INFO - Saved reconstruction plot: plots/worst_reconstructions_AE_Large_bs128_lr0.0001.png
2025-12-30 19:32:35,138 - INFO - 
============================================================
2025-12-30 19:32:35,138 - INFO - Training Digit Classifier
2025-12-30 19:32:35,138 - INFO - ============================================================
2025-12-30 19:32:35,140 - INFO - 
Training digit classifier...
2025-12-30 19:32:53,061 - INFO - Classifier Epoch [5/20], Accuracy: 96.96%
2025-12-30 19:33:11,035 - INFO - Classifier Epoch [10/20], Accuracy: 97.48%
2025-12-30 19:33:29,004 - INFO - Classifier Epoch [15/20], Accuracy: 97.44%
2025-12-30 19:33:46,953 - INFO - Classifier Epoch [20/20], Accuracy: 97.55%
2025-12-30 19:33:46,954 - INFO - Best classifier accuracy: 97.66%
2025-12-30 19:33:46,954 - INFO - 
============================================================
2025-12-30 19:33:46,954 - INFO - Testing Classifier on Reconstructed Digits
2025-12-30 19:33:46,954 - INFO - ============================================================
2025-12-30 19:33:47,554 - INFO - AE_Small_bs64_lr0.001: Classifier accuracy on reconstructed = 96.14%
2025-12-30 19:33:47,608 - INFO - AE_Small_bs64_lr0.0001: Classifier accuracy on reconstructed = 96.55%
2025-12-30 19:33:47,673 - INFO - AE_Small_bs128_lr0.001: Classifier accuracy on reconstructed = 96.43%
2025-12-30 19:33:47,737 - INFO - AE_Small_bs128_lr0.0001: Classifier accuracy on reconstructed = 95.86%
2025-12-30 19:33:47,843 - INFO - AE_Medium_bs64_lr0.001: Classifier accuracy on reconstructed = 97.68%
2025-12-30 19:33:47,951 - INFO - AE_Medium_bs64_lr0.0001: Classifier accuracy on reconstructed = 97.39%
2025-12-30 19:33:48,056 - INFO - AE_Medium_bs128_lr0.001: Classifier accuracy on reconstructed = 97.51%
2025-12-30 19:33:48,165 - INFO - AE_Medium_bs128_lr0.0001: Classifier accuracy on reconstructed = 97.22%
2025-12-30 19:33:48,273 - INFO - AE_Large_bs64_lr0.001: Classifier accuracy on reconstructed = 97.11%
2025-12-30 19:33:48,382 - INFO - AE_Large_bs64_lr0.0001: Classifier accuracy on reconstructed = 96.00%
2025-12-30 19:33:48,491 - INFO - AE_Large_bs128_lr0.001: Classifier accuracy on reconstructed = 96.94%
2025-12-30 19:33:48,602 - INFO - AE_Large_bs128_lr0.0001: Classifier accuracy on reconstructed = 95.08%
2025-12-30 19:33:48,602 - INFO - 
============================================================
2025-12-30 19:33:48,602 - INFO - PCA Comparison
2025-12-30 19:33:48,602 - INFO - ============================================================
2025-12-30 19:33:50,506 - INFO - 
============================================================
2025-12-30 19:33:50,506 - INFO - PCA Reconstruction
2025-12-30 19:33:50,506 - INFO - ============================================================
2025-12-30 19:33:50,506 - INFO - 
PCA with 32 components
2025-12-30 19:33:51,034 - INFO - Training time: 0.29s
2025-12-30 19:33:51,034 - INFO - Train MSE: 0.017259, Train Pixel Acc: 75.48%
2025-12-30 19:33:51,035 - INFO - Test MSE: 0.016839, Test Pixel Acc: 75.62%
2025-12-30 19:33:51,035 - INFO - Variance explained: 0.7438
2025-12-30 19:33:51,035 - INFO - 
PCA with 64 components
2025-12-30 19:33:51,522 - INFO - Training time: 0.31s
2025-12-30 19:33:51,522 - INFO - Train MSE: 0.009284, Train Pixel Acc: 81.60%
2025-12-30 19:33:51,522 - INFO - Test MSE: 0.009059, Test Pixel Acc: 81.80%
2025-12-30 19:33:51,522 - INFO - Variance explained: 0.8622
2025-12-30 19:33:51,522 - INFO - 
PCA with 128 components
2025-12-30 19:33:52,018 - INFO - Training time: 0.31s
2025-12-30 19:33:52,019 - INFO - Train MSE: 0.004268, Train Pixel Acc: 89.47%
2025-12-30 19:33:52,019 - INFO - Test MSE: 0.004216, Test Pixel Acc: 89.50%
2025-12-30 19:33:52,019 - INFO - Variance explained: 0.9367
2025-12-30 19:33:52,019 - INFO - 
PCA with 256 components
2025-12-30 19:33:52,576 - INFO - Training time: 0.37s
2025-12-30 19:33:52,576 - INFO - Train MSE: 0.001394, Train Pixel Acc: 97.30%
2025-12-30 19:33:52,577 - INFO - Test MSE: 0.001391, Test Pixel Acc: 97.28%
2025-12-30 19:33:52,577 - INFO - Variance explained: 0.9793
2025-12-30 19:33:52,593 - INFO - PCA-32: Classifier accuracy on reconstructed = 96.52%
2025-12-30 19:33:52,613 - INFO - PCA-64: Classifier accuracy on reconstructed = 97.44%
2025-12-30 19:33:52,633 - INFO - PCA-128: Classifier accuracy on reconstructed = 97.62%
2025-12-30 19:33:52,649 - INFO - PCA-256: Classifier accuracy on reconstructed = 97.67%
2025-12-30 19:33:52,649 - INFO - Saved results to: results/all_results.csv
2025-12-30 19:33:52,649 - INFO - Saved results to: results/accuracy_summary.csv
2025-12-30 19:33:53,025 - INFO - Saved comparison plot: plots/comparison_mse.png
2025-12-30 19:33:53,385 - INFO - Saved comparison plot: plots/comparison_pixel_accuracy.png
2025-12-30 19:33:53,760 - INFO - Saved comparison plot: plots/comparison_training_time.png
2025-12-30 19:33:54,119 - INFO - Saved comparison plot: plots/comparison_classifier_accuracy.png
2025-12-30 19:33:54,119 - INFO - 
============================================================
2025-12-30 19:33:54,119 - INFO - EXPERIMENT COMPLETED
2025-12-30 19:33:54,119 - INFO - ============================================================
2025-12-30 19:33:54,119 - INFO - 
Results saved to:
2025-12-30 19:33:54,119 - INFO -   - results/all_results.csv (complete results)
2025-12-30 19:33:54,119 - INFO -   - results/accuracy_summary.csv (accuracy summary)
2025-12-30 19:33:54,119 - INFO -   - results/training_history_*.csv (epoch-by-epoch histories)
2025-12-30 19:33:54,119 - INFO - Models saved to: models/
2025-12-30 19:33:54,119 - INFO - Plots saved to: plots/
2025-12-30 19:33:54,119 - INFO - Log file: logs/training_log_20251230_184323.log
2025-12-30 19:33:54,119 - INFO - 
Best Autoencoder Model (by pixel accuracy): AE_Medium_bs64_lr0.001
2025-12-30 19:33:54,119 - INFO - Test Pixel Accuracy: 93.10%
2025-12-30 19:33:54,119 - INFO - Test MSE: 0.004605
2025-12-30 19:33:54,119 - INFO - Classifier Accuracy on Reconstructed: 97.68%
